[96mnode_modules/.pnpm/@genkit-ai+ai@1.21.0_@googl_e1c45d0d6e6b3c77992a2320c3735445/node_modules/@genkit-ai/ai/lib/generate-3xWOiUzB.d.ts[0m:[93m141[0m:[93m69[0m - [91merror[0m[90m TS2503: [0mCannot find namespace 'Handlebars'.

[7m141[0m declare function defineHelper(registry: Registry, name: string, fn: Handlebars.HelperDelegate): void;
[7m   [0m [91m                                                                    ~~~~~~~~~~[0m

[96mnode_modules/.pnpm/@opentelemetry+instrumentat_13388d903aa62870f95b5e615361e981/node_modules/@opentelemetry/instrumentation/build/src/instrumentationNodeModuleDefinition.d.ts[0m:[93m2[0m:[93m22[0m - [91merror[0m[90m TS2420: [0mClass 'InstrumentationNodeModuleDefinition' incorrectly implements interface 'InstrumentationModuleDefinition'.
  Types of property 'patch' are incompatible.
    Type '((exports: any, moduleVersion?: string | undefined) => any) | undefined' is not assignable to type '(moduleExports: any, moduleVersion?: string | undefined) => any'.
      Type 'undefined' is not assignable to type '(moduleExports: any, moduleVersion?: string | undefined) => any'.

[7m2[0m export declare class InstrumentationNodeModuleDefinition implements InstrumentationModuleDefinition {
[7m [0m [91m                     ~~~~~~~~~~~~~~~~~~~~~~~~~~~~~~~~~~~[0m

[96mnode_modules/.pnpm/@opentelemetry+sdk-logs@0.52.1_@opentelemetry+api@1.9.0/node_modules/@opentelemetry/sdk-logs/build/src/export/NoopLogRecordProcessor.d.ts[0m:[93m6[0m:[93m5[0m - [91merror[0m[90m TS2416: [0mProperty 'onEmit' in type 'NoopLogRecordProcessor' is not assignable to the same property in base type 'LogRecordProcessor'.
  Type '(_logRecord: ReadableLogRecord, _context: Context) => void' is not assignable to type '(logRecord: LogRecord, context?: Context | undefined) => void'.
    Types of parameters '_logRecord' and 'logRecord' are incompatible.
      Type 'LogRecord' is not assignable to type 'ReadableLogRecord' with 'exactOptionalPropertyTypes: true'. Consider adding 'undefined' to the types of the target's properties.
        Types of property 'severityText' are incompatible.
          Type 'string | undefined' is not assignable to type 'string'.
            Type 'undefined' is not assignable to type 'string'.

[7m6[0m     onEmit(_logRecord: ReadableLogRecord, _context: Context): void;
[7m [0m [91m    ~~~~~~[0m

[96mnode_modules/.pnpm/@opentelemetry+sdk-logs@0.52.1_@opentelemetry+api@1.9.0/node_modules/@opentelemetry/sdk-logs/build/src/LogRecord.d.ts[0m:[93m9[0m:[93m22[0m - [91merror[0m[90m TS2420: [0mClass 'LogRecord' incorrectly implements interface 'ReadableLogRecord'.
  Types of property 'severityText' are incompatible.
    Type 'string | undefined' is not assignable to type 'string'.
      Type 'undefined' is not assignable to type 'string'.

[7m9[0m export declare class LogRecord implements ReadableLogRecord {
[7m [0m [91m                     ~~~~~~~~~[0m

[96mnode_modules/.pnpm/@testing-library+jest-dom@6.9.1/node_modules/@testing-library/jest-dom/types/jest.d.ts[0m:[93m1[0m:[93m23[0m - [91merror[0m[90m TS2688: [0mCannot find type definition file for 'jest'.

[7m1[0m /// <reference types="jest" />
[7m [0m [91m                      ~~~~[0m

[96mnode_modules/.pnpm/dotprompt@1.1.2/node_modules/dotprompt/dist/index.d.ts[0m:[93m1[0m:[93m24[0m - [91merror[0m[90m TS7016: [0mCould not find a declaration file for module 'handlebars/dist/cjs/handlebars.js'. 'K:/he-copy-main/node_modules/.pnpm/handlebars@4.7.8/node_modules/handlebars/dist/cjs/handlebars.js' implicitly has an 'any' type.
  Try `npm i --save-dev @types/handlebars` if it exists or add a new declaration (.d.ts) file containing `declare module 'handlebars/dist/cjs/handlebars.js';`

[7m1[0m import Handlebars from 'handlebars/dist/cjs/handlebars.js';
[7m [0m [91m                       ~~~~~~~~~~~~~~~~~~~~~~~~~~~~~~~~~~~[0m

[96mnode_modules/.pnpm/genkit@1.21.0_@google-cloud_3ec0a09eaded608a29db32b95affe493/node_modules/genkit/lib/index-Cd4YWqZH.d.ts[0m:[93m232[0m:[93m36[0m - [91merror[0m[90m TS2503: [0mCannot find namespace 'Handlebars'.

[7m232[0m     defineHelper(name: string, fn: Handlebars.HelperDelegate): void;
[7m   [0m [91m                                   ~~~~~~~~~~[0m

[96mnode_modules/.pnpm/recharts@2.15.4_react-dom@18.3.1_react@18.3.1__react@18.3.1/node_modules/recharts/types/chart/generateCategoricalChart.d.ts[0m:[93m2[0m:[93m36[0m - [91merror[0m[90m TS7016: [0mCould not find a declaration file for module 'lodash'. 'K:/he-copy-main/node_modules/.pnpm/lodash@4.17.21/node_modules/lodash/lodash.js' implicitly has an 'any' type.
  Try `npm i --save-dev @types/lodash` if it exists or add a new declaration (.d.ts) file containing `declare module 'lodash';`

[7m2[0m import type { DebouncedFunc } from 'lodash';
[7m [0m [91m                                   ~~~~~~~~[0m

[96msrc/lib/drama-analyst/orchestration/orchestration.ts[0m:[93m44[0m:[93m23[0m - [91merror[0m[90m TS2345: [0mArgument of type 'string' is not assignable to parameter of type 'TaskType'.

[7m44[0m       this.agents.set(config.id, config);
[7m  [0m [91m                      ~~~~~~~~~[0m

[96msrc/lib/drama-analyst/orchestration/orchestration.ts[0m:[93m56[0m:[93m7[0m - [91merror[0m[90m TS18048: [0m'agent.collaboratesWith' is possibly 'undefined'.

[7m56[0m       agent.collaboratesWith.forEach(collaboratorId => {
[7m  [0m [91m      ~~~~~~~~~~~~~~~~~~~~~~[0m

[96msrc/lib/drama-analyst/orchestration/orchestration.ts[0m:[93m57[0m:[93m27[0m - [91merror[0m[90m TS2345: [0mArgument of type 'string' is not assignable to parameter of type 'TaskType'.

[7m57[0m         collaborators.add(collaboratorId);
[7m  [0m [91m                          ~~~~~~~~~~~~~~[0m

[96msrc/lib/drama-analyst/orchestration/orchestration.ts[0m:[93m61[0m:[93m7[0m - [91merror[0m[90m TS18048: [0m'agent.dependsOn' is possibly 'undefined'.

[7m61[0m       agent.dependsOn.forEach(dependencyId => {
[7m  [0m [91m      ~~~~~~~~~~~~~~~[0m

[96msrc/lib/drama-analyst/orchestration/orchestration.ts[0m:[93m62[0m:[93m27[0m - [91merror[0m[90m TS2345: [0mArgument of type 'string' is not assignable to parameter of type 'TaskType'.

[7m62[0m         collaborators.add(dependencyId);
[7m  [0m [91m                          ~~~~~~~~~~~~[0m

[96msrc/lib/drama-analyst/orchestration/orchestration.ts[0m:[93m66[0m:[93m7[0m - [91merror[0m[90m TS18048: [0m'agent.enhances' is possibly 'undefined'.

[7m66[0m       agent.enhances.forEach(enhancedId => {
[7m  [0m [91m      ~~~~~~~~~~~~~~[0m

[96msrc/lib/drama-analyst/orchestration/orchestration.ts[0m:[93m67[0m:[93m27[0m - [91merror[0m[90m TS2345: [0mArgument of type 'string' is not assignable to parameter of type 'TaskType'.

[7m67[0m         collaborators.add(enhancedId);
[7m  [0m [91m                          ~~~~~~~~~~[0m

[96msrc/lib/drama-analyst/orchestration/orchestration.ts[0m:[93m81[0m:[93m22[0m - [91merror[0m[90m TS18048: [0m'agent.capabilities' is possibly 'undefined'.

[7m81[0m         successRate: agent.capabilities.accuracyLevel,
[7m  [0m [91m                     ~~~~~~~~~~~~~~~~~~[0m

[96msrc/lib/drama-analyst/orchestration/orchestration.ts[0m:[93m83[0m:[93m24[0m - [91merror[0m[90m TS18048: [0m'agent.capabilities' is possibly 'undefined'.

[7m83[0m         resourceUsage: agent.capabilities.resourceIntensity,
[7m  [0m [91m                       ~~~~~~~~~~~~~~~~~~[0m

[96msrc/lib/drama-analyst/orchestration/orchestration.ts[0m:[93m85[0m:[93m25[0m - [91merror[0m[90m TS18048: [0m'agent.capabilities' is possibly 'undefined'.

[7m85[0m         adaptationRate: agent.capabilities.adaptiveLearning ? 0.1 : 0.0
[7m  [0m [91m                        ~~~~~~~~~~~~~~~~~~[0m

[96msrc/lib/drama-analyst/orchestration/orchestration.ts[0m:[93m95[0m:[93m20[0m - [91merror[0m[90m TS2322: [0mType 'string | undefined' is not assignable to type 'string'.
  Type 'undefined' is not assignable to type 'string'.

[7m95[0m     return agent ? agent.description : `ŸàÿµŸÅ ÿ∫Ÿäÿ± ŸÖÿ™ŸàŸÅÿ± ŸÑŸÑŸÖŸáŸÖÿ©: ${taskType}`;
[7m  [0m [91m                   ~~~~~~~~~~~~~~~~~[0m

[96msrc/lib/drama-analyst/orchestration/orchestration.ts[0m:[93m103[0m:[93m20[0m - [91merror[0m[90m TS2322: [0mType 'AIAgentCapabilities | undefined' is not assignable to type 'AIAgentCapabilities | null'.
  Type 'undefined' is not assignable to type 'AIAgentCapabilities | null'.

[7m103[0m     return agent ? agent.capabilities : null;
[7m   [0m [91m                   ~~~~~~~~~~~~~~~~~~[0m

[96msrc/lib/drama-analyst/orchestration/orchestration.ts[0m:[93m128[0m:[93m9[0m - [91merror[0m[90m TS18048: [0m'agent.dependsOn' is possibly 'undefined'.

[7m128[0m         agent.dependsOn.forEach(dep => dfs(dep));
[7m   [0m [91m        ~~~~~~~~~~~~~~~[0m

[96msrc/lib/drama-analyst/orchestration/orchestration.ts[0m:[93m128[0m:[93m44[0m - [91merror[0m[90m TS2345: [0mArgument of type 'string' is not assignable to parameter of type 'TaskType'.

[7m128[0m         agent.dependsOn.forEach(dep => dfs(dep));
[7m   [0m [91m                                           ~~~[0m

[96msrc/lib/drama-analyst/orchestration/orchestration.ts[0m:[93m403[0m:[93m13[0m - [91merror[0m[90m TS18048: [0m'agent.capabilities' is possibly 'undefined'.

[7m403[0m         if (agent.capabilities.ragEnabled) agentStats.withRAG++;
[7m   [0m [91m            ~~~~~~~~~~~~~~~~~~[0m

[96msrc/lib/drama-analyst/orchestration/orchestration.ts[0m:[93m404[0m:[93m13[0m - [91merror[0m[90m TS18048: [0m'agent.capabilities' is possibly 'undefined'.

[7m404[0m         if (agent.capabilities.metacognitive) agentStats.withMetacognition++;
[7m   [0m [91m            ~~~~~~~~~~~~~~~~~~[0m

[96msrc/lib/drama-analyst/orchestration/orchestration.ts[0m:[93m405[0m:[93m13[0m - [91merror[0m[90m TS18048: [0m'agent.capabilities' is possibly 'undefined'.

[7m405[0m         if (agent.capabilities.agentOrchestration) agentStats.withOrchestration++;
[7m   [0m [91m            ~~~~~~~~~~~~~~~~~~[0m

[96msrc/lib/drama-analyst/orchestration/orchestration.ts[0m:[93m406[0m:[93m13[0m - [91merror[0m[90m TS18048: [0m'agent.capabilities' is possibly 'undefined'.

[7m406[0m         if (agent.capabilities.multiModal) agentStats.multiModal++;
[7m   [0m [91m            ~~~~~~~~~~~~~~~~~~[0m

[96msrc/lib/drama-analyst/orchestration/orchestration.ts[0m:[93m407[0m:[93m13[0m - [91merror[0m[90m TS18048: [0m'agent.capabilities' is possibly 'undefined'.

[7m407[0m         if (agent.capabilities.complexityScore > 0.8) agentStats.highComplexity++;
[7m   [0m [91m            ~~~~~~~~~~~~~~~~~~[0m

[96msrc/lib/drama-analyst/orchestration/orchestration.ts[0m:[93m407[0m:[93m13[0m - [91merror[0m[90m TS18048: [0m'agent.capabilities.complexityScore' is possibly 'undefined'.

[7m407[0m         if (agent.capabilities.complexityScore > 0.8) agentStats.highComplexity++;
[7m   [0m [91m            ~~~~~~~~~~~~~~~~~~~~~~~~~~~~~~~~~~[0m

[96msrc/lib/drama-analyst/orchestration/orchestration.ts[0m:[93m433[0m:[93m21[0m - [91merror[0m[90m TS18048: [0m'agent.capabilities' is possibly 'undefined'.

[7m433[0m         complexity: agent.capabilities.complexityScore,
[7m   [0m [91m                    ~~~~~~~~~~~~~~~~~~[0m

[96msrc/lib/drama-analyst/orchestration/orchestration.ts[0m:[93m434[0m:[93m19[0m - [91merror[0m[90m TS18048: [0m'agent.capabilities' is possibly 'undefined'.

[7m434[0m         accuracy: agent.capabilities.accuracyLevel,
[7m   [0m [91m                  ~~~~~~~~~~~~~~~~~~[0m

[96msrc/lib/drama-analyst/orchestration/orchestration.ts[0m:[93m435[0m:[93m16[0m - [91merror[0m[90m TS18048: [0m'agent.capabilities' is possibly 'undefined'.

[7m435[0m         speed: agent.capabilities.processingSpeed,
[7m   [0m [91m               ~~~~~~~~~~~~~~~~~~[0m

[96msrc/lib/drama-analyst/orchestration/orchestration.ts[0m:[93m436[0m:[93m20[0m - [91merror[0m[90m TS18048: [0m'agent.capabilities' is possibly 'undefined'.

[7m436[0m         resources: agent.capabilities.resourceIntensity,
[7m   [0m [91m                   ~~~~~~~~~~~~~~~~~~[0m

[96msrc/lib/drama-analyst/orchestration/promptBuilder.ts[0m:[93m5[0m:[93m33[0m - [91merror[0m[90m TS2339: [0mProperty 'getInstructionFor' does not exist on type 'typeof import("K:/he-copy-main/src/lib/drama-analyst/agents/taskInstructions")'.

[7m5[0m   const base = TaskInstructions.getInstructionFor(req.agent);
[7m [0m [91m                                ~~~~~~~~~~~~~~~~~[0m

[96msrc/lib/drama-analyst/orchestration/promptBuilder.ts[0m:[93m7[0m:[93m26[0m - [91merror[0m[90m TS2339: [0mProperty 'params' does not exist on type 'AIRequest'.

[7m7[0m   const paramsHint = req.params ? `\n[PARAMS]\n${JSON.stringify(req.params, null, 2)}` : '';
[7m [0m [91m                         ~~~~~~[0m

[96msrc/lib/drama-analyst/orchestration/promptBuilder.ts[0m:[93m7[0m:[93m69[0m - [91merror[0m[90m TS2339: [0mProperty 'params' does not exist on type 'AIRequest'.

[7m7[0m   const paramsHint = req.params ? `\n[PARAMS]\n${JSON.stringify(req.params, null, 2)}` : '';
[7m [0m [91m                                                                    ~~~~~~[0m

[96msrc/lib/drama-analyst/services/analyticsService.ts[0m:[93m427[0m:[93m34[0m - [91merror[0m[90m TS2379: [0mArgument of type '{ event_category: string; conversion_type: string; value: number | undefined; }' is not assignable to parameter of type 'EventParams' with 'exactOptionalPropertyTypes: true'. Consider adding 'undefined' to the types of the target's properties.
  Types of property 'value' are incompatible.
    Type 'number | undefined' is not assignable to type 'number'.
      Type 'undefined' is not assignable to type 'number'.

[7m427[0m     this.sendEvent("conversion", {
[7m   [0m [91m                                 ~[0m
[7m428[0m       event_category: "Conversion",
[7m   [0m [91m~~~~~~~~~~~~~~~~~~~~~~~~~~~~~~~~~~~[0m
[7m...[0m 
[7m430[0m       value: value,
[7m   [0m [91m~~~~~~~~~~~~~~~~~~~[0m
[7m431[0m     });
[7m   [0m [91m~~~~~[0m

[96msrc/lib/drama-analyst/services/apiService.ts[0m:[93m70[0m:[93m7[0m - [91merror[0m[90m TS2375: [0mType 'Result<AIResponse, Error>' is not assignable to type 'Result<AIResponse>' with 'exactOptionalPropertyTypes: true'. Consider adding 'undefined' to the types of the target's properties.
  Types of property 'value' are incompatible.
    Type 'AIResponse' has no properties in common with type 'AIResponse'.

[7m70[0m       return callGeminiDirect(req);
[7m  [0m [91m      ~~~~~~[0m

[96msrc/lib/drama-analyst/services/errorHandler.ts[0m:[93m63[0m:[93m11[0m - [91merror[0m[90m TS2375: [0mType '{ userId?: string; sessionId?: string; timestamp: string; userAgent: string; url: string; component?: string; action?: string; metadata?: Record<string, any>; }' is not assignable to type 'ErrorContext' with 'exactOptionalPropertyTypes: true'. Consider adding 'undefined' to the types of the target's properties.
  Types of property 'userAgent' are incompatible.
    Type 'string | undefined' is not assignable to type 'string'.
      Type 'undefined' is not assignable to type 'string'.

[7m63[0m     const fullContext: ErrorContext = {
[7m  [0m [91m          ~~~~~~~~~~~[0m

[96msrc/lib/drama-analyst/services/errorHandler.ts[0m:[93m71[0m:[93m11[0m - [91merror[0m[90m TS2375: [0mType '{ name: string; message: string; type: ErrorType; context: ErrorContext; originalError: Error | undefined; severity: "medium" | "high" | "low" | "critical"; recoverable: boolean; errorId: string; }' is not assignable to type 'DetailedError' with 'exactOptionalPropertyTypes: true'. Consider adding 'undefined' to the types of the target's properties.
  Types of property 'originalError' are incompatible.
    Type 'Error | undefined' is not assignable to type 'Error'.
      Type 'undefined' is not assignable to type 'Error'.

[7m71[0m     const detailedError: DetailedError = {
[7m  [0m [91m          ~~~~~~~~~~~~~[0m

[96msrc/lib/drama-analyst/services/errorHandler.ts[0m:[93m102[0m:[93m36[0m - [91merror[0m[90m TS2379: [0mArgument of type '{ url: string | undefined; component: string; userId?: string; sessionId?: string; timestamp?: string; userAgent?: string; action?: string; metadata?: Record<string, any>; }' is not assignable to parameter of type 'Partial<ErrorContext>' with 'exactOptionalPropertyTypes: true'. Consider adding 'undefined' to the types of the target's properties.
  Types of property 'url' are incompatible.
    Type 'string | undefined' is not assignable to type 'string'.
      Type 'undefined' is not assignable to type 'string'.

[7m102[0m     return this.handleError(error, {
[7m   [0m [91m                                   ~[0m
[7m103[0m       ...context,
[7m   [0m [91m~~~~~~~~~~~~~~~~~[0m
[7m...[0m 
[7m105[0m       component: 'NetworkService'
[7m   [0m [91m~~~~~~~~~~~~~~~~~~~~~~~~~~~~~~~~~[0m
[7m106[0m     }, ErrorType.NETWORK_ERROR, 'high');
[7m   [0m [91m~~~~~[0m

[96msrc/lib/drama-analyst/services/errorHandler.ts[0m:[93m117[0m:[93m36[0m - [91merror[0m[90m TS2379: [0mArgument of type '{ action: string | undefined; component: string; userId?: string; sessionId?: string; timestamp?: string; userAgent?: string; url?: string; metadata?: Record<string, any>; }' is not assignable to parameter of type 'Partial<ErrorContext>' with 'exactOptionalPropertyTypes: true'. Consider adding 'undefined' to the types of the target's properties.
  Types of property 'action' are incompatible.
    Type 'string | undefined' is not assignable to type 'string'.
      Type 'undefined' is not assignable to type 'string'.

[7m117[0m     return this.handleError(error, {
[7m   [0m [91m                                   ~[0m
[7m118[0m       ...context,
[7m   [0m [91m~~~~~~~~~~~~~~~~~[0m
[7m...[0m 
[7m120[0m       component: 'APIService'
[7m   [0m [91m~~~~~~~~~~~~~~~~~~~~~~~~~~~~~[0m
[7m121[0m     }, ErrorType.API_ERROR, 'high');
[7m   [0m [91m~~~~~[0m

[96msrc/lib/drama-analyst/services/fileReaderService.ts[0m:[93m13[0m:[93m11[0m - [91merror[0m[90m TS2322: [0mType '(ProcessedFile | null)[]' is not assignable to type 'ProcessedFile[]'.
  Type 'ProcessedFile | null' is not assignable to type 'ProcessedFile'.
    Type 'null' is not assignable to type 'ProcessedFile'.

[7m13[0m     const processedFiles: ProcessedFile[] = await Promise.all(
[7m  [0m [91m          ~~~~~~~~~~~~~~[0m

[96msrc/lib/drama-analyst/services/fileReaderService.ts[0m:[93m19[0m:[93m36[0m - [91merror[0m[90m TS2532: [0mObject is possibly 'undefined'.

[7m19[0m       .map((f, i) => (f === null ? files[i].name : null))
[7m  [0m [91m                                   ~~~~~~~~[0m

[96msrc/lib/drama-analyst/services/fileReaderService.ts[0m:[93m30[0m:[93m11[0m - [91merror[0m[90m TS2353: [0mObject literal may only specify known properties, and 'code' does not exist in type 'Error'.

[7m30[0m           code: 'ALL_FILES_FAILED',
[7m  [0m [91m          ~~~~[0m

  [96msrc/lib/drama-analyst/core/types.ts[0m:[93m5[0m:[93m3[0m
    [7m5[0m   error?: E;
    [7m [0m [96m  ~~~~~[0m
    The expected type comes from property 'error' which is declared here on type 'Result<ProcessedFile[], Error>'

[96msrc/lib/drama-analyst/services/fileReaderService.ts[0m:[93m42[0m:[93m9[0m - [91merror[0m[90m TS2353: [0mObject literal may only specify known properties, and 'code' does not exist in type 'Error'.

[7m42[0m         code: 'FILE_READ_ERROR',
[7m  [0m [91m        ~~~~[0m

  [96msrc/lib/drama-analyst/core/types.ts[0m:[93m5[0m:[93m3[0m
    [7m5[0m   error?: E;
    [7m [0m [96m  ~~~~~[0m
    The expected type comes from property 'error' which is declared here on type 'Result<ProcessedFile[], Error>'

[96msrc/lib/drama-analyst/services/fileReaderService.ts[0m:[93m82[0m:[93m7[0m - [91merror[0m[90m TS2353: [0mObject literal may only specify known properties, and 'absolutePath' does not exist in type 'ProcessedFile'.

[7m82[0m       absolutePath: file.name, // ŸÅŸä ÿßŸÑŸÖÿ™ÿµŸÅÿ≠ ŸÑÿß ŸäŸàÿ¨ÿØ ŸÖÿ≥ÿßÿ± ŸÖÿ∑ŸÑŸÇ
[7m  [0m [91m      ~~~~~~~~~~~~[0m

[96msrc/lib/drama-analyst/services/geminiService.ts[0m:[93m121[0m:[93m7[0m - [91merror[0m[90m TS2353: [0mObject literal may only specify known properties, and 'agent' does not exist in type 'AIResponse'.

[7m121[0m       agent: sanitizedReq.agent,
[7m   [0m [91m      ~~~~~[0m

[96msrc/lib/drama-analyst/services/geminiService.ts[0m:[93m151[0m:[93m9[0m - [91merror[0m[90m TS2353: [0mObject literal may only specify known properties, and 'code' does not exist in type 'Error'.

[7m151[0m         code: errorCode,
[7m   [0m [91m        ~~~~[0m

  [96msrc/lib/drama-analyst/core/types.ts[0m:[93m5[0m:[93m3[0m
    [7m5[0m   error?: E;
    [7m [0m [96m  ~~~~~[0m
    The expected type comes from property 'error' which is declared here on type 'Result<AIResponse, Error>'

[96msrc/lib/drama-analyst/services/loggerService.ts[0m:[93m134[0m:[93m11[0m - [91merror[0m[90m TS2375: [0mType '{ level: LogLevel; message: string; timestamp: string; context: any; source: string | undefined; }' is not assignable to type 'LogEntry' with 'exactOptionalPropertyTypes: true'. Consider adding 'undefined' to the types of the target's properties.
  Types of property 'source' are incompatible.
    Type 'string | undefined' is not assignable to type 'string'.
      Type 'undefined' is not assignable to type 'string'.

[7m134[0m     const entry: LogEntry = {
[7m   [0m [91m          ~~~~~[0m

[96msrc/lib/drama-analyst/services/observability.ts[0m:[93m6[0m:[93m10[0m - [91merror[0m[90m TS2440: [0mImport declaration conflicts with local declaration of 'initUptimeMonitoring'.

[7m6[0m import { initUptimeMonitoring } from "./uptimeMonitoringService";
[7m [0m [91m         ~~~~~~~~~~~~~~~~~~~~[0m

[96msrc/lib/drama-analyst/services/observability.ts[0m:[93m244[0m:[93m25[0m - [91merror[0m[90m TS2304: [0mCannot find name 'dsn'.

[7m244[0m         enableSentry: !!dsn,
[7m   [0m [91m                        ~~~[0m

[96msrc/lib/drama-analyst/services/observability.ts[0m:[93m245[0m:[93m28[0m - [91merror[0m[90m TS2304: [0mCannot find name 'isProduction'.

[7m245[0m         enableConsoleLog: !isProduction,
[7m   [0m [91m                           ~~~~~~~~~~~~[0m

[96msrc/lib/drama-analyst/services/observability.ts[0m:[93m246[0m:[93m17[0m - [91merror[0m[90m TS2304: [0mCannot find name 'isProduction'.

[7m246[0m         debug: !isProduction,
[7m   [0m [91m                ~~~~~~~~~~~~[0m

[96msrc/lib/drama-analyst/services/observability.ts[0m:[93m288[0m:[93m63[0m - [91merror[0m[90m TS2554: [0mExpected 1-3 arguments, but got 4.

[7m288[0m   log.error("üö® Manual error report", error, "Observability", context);
[7m   [0m [91m                                                              ~~~~~~~[0m

[96msrc/lib/drama-analyst/services/observability.ts[0m:[93m289[0m:[93m34[0m - [91merror[0m[90m TS2345: [0mArgument of type '{ extra: Record<string, any> | undefined; }' is not assignable to parameter of type 'ExclusiveEventHintOrCaptureContext | undefined'.
  Type '{ extra: Record<string, any> | undefined; }' is not assignable to type '(Scope & Partial<{ event_id?: never; captureContext?: never; mechanism?: never; syntheticException?: never; originalException?: never; attachments?: never; data?: never; integrations?: never; }>) | (Partial<...> & Partial<...>) | (((scope: Scope) => Scope) & Partial<...>) | (EventHint & Partial<...>)'.
    Type '{ extra: Record<string, any> | undefined; }' is not assignable to type 'EventHint & Partial<{ user: never; level: never; extra: never; contexts: never; tags: never; fingerprint: never; requestSession: never; propagationContext: never; }>' with 'exactOptionalPropertyTypes: true'. Consider adding 'undefined' to the types of the target's properties.
      Type '{ extra: Record<string, any> | undefined; }' is not assignable to type 'Partial<{ user: never; level: never; extra: never; contexts: never; tags: never; fingerprint: never; requestSession: never; propagationContext: never; }>' with 'exactOptionalPropertyTypes: true'. Consider adding 'undefined' to the types of the target's properties.
        Types of property 'extra' are incompatible.
          Type 'Record<string, any> | undefined' is not assignable to type 'never'.
            Type 'undefined' is not assignable to type 'never'.

[7m289[0m   Sentry.captureException(error, { extra: context });
[7m   [0m [91m                                 ~~~~~~~~~~~~~~~~~~[0m

[96msrc/lib/drama-analyst/services/observability.ts[0m:[93m305[0m:[93m24[0m - [91merror[0m[90m TS2379: [0mArgument of type '{ message: string; category: string; level: "info"; data: Record<string, any> | undefined; }' is not assignable to parameter of type 'Breadcrumb' with 'exactOptionalPropertyTypes: true'. Consider adding 'undefined' to the types of the target's properties.
  Types of property 'data' are incompatible.
    Type 'Record<string, any> | undefined' is not assignable to type '{ [key: string]: any; }'.
      Type 'undefined' is not assignable to type '{ [key: string]: any; }'.

[7m305[0m   Sentry.addBreadcrumb({
[7m   [0m [91m                       ~[0m
[7m306[0m     message,
[7m   [0m [91m~~~~~~~~~~~~[0m
[7m...[0m 
[7m309[0m     data,
[7m   [0m [91m~~~~~~~~~[0m
[7m310[0m   });
[7m   [0m [91m~~~[0m

[96msrc/lib/drama-analyst/services/observability.ts[0m:[93m343[0m:[93m16[0m - [91merror[0m[90m TS2339: [0mProperty 'initGA4' does not exist on type 'typeof import("K:/he-copy-main/src/lib/drama-analyst/services/analyticsService")'.

[7m343[0m       .then(({ initGA4 }) => {
[7m   [0m [91m               ~~~~~~~[0m

[96msrc/lib/drama-analyst/services/observability.ts[0m:[93m399[0m:[93m25[0m - [91merror[0m[90m TS2304: [0mCannot find name 'dsn'.

[7m399[0m         enableSentry: !!dsn,
[7m   [0m [91m                        ~~~[0m

[96msrc/lib/drama-analyst/services/uptimeMonitoringService.ts[0m:[93m5[0m:[93m10[0m - [91merror[0m[90m TS2305: [0mModule '"./analyticsService"' has no exported member 'sendGAEvent'.

[7m5[0m import { sendGAEvent } from './analyticsService';
[7m [0m [91m         ~~~~~~~~~~~[0m

[96msrc/lib/drama-analyst/services/uptimeMonitoringService.ts[0m:[93m294[0m:[93m28[0m - [91merror[0m[90m TS2561: [0mObject literal may only specify known properties, but 'entryType' does not exist in type 'PerformanceObserverInit'. Did you mean to write 'entryTypes'?

[7m294[0m         observer.observe({ entryType: 'longtask' });
[7m   [0m [91m                           ~~~~~~~~~[0m

[96msrc/lib/drama-analyst/services/webVitalsService.ts[0m:[93m4[0m:[93m10[0m - [91merror[0m[90m TS2305: [0mModule '"web-vitals"' has no exported member 'getCLS'.

[7m4[0m import { getCLS, getFID, getFCP, getLCP, getTTFB, Metric } from 'web-vitals';
[7m [0m [91m         ~~~~~~[0m

[96msrc/lib/drama-analyst/services/webVitalsService.ts[0m:[93m4[0m:[93m18[0m - [91merror[0m[90m TS2305: [0mModule '"web-vitals"' has no exported member 'getFID'.

[7m4[0m import { getCLS, getFID, getFCP, getLCP, getTTFB, Metric } from 'web-vitals';
[7m [0m [91m                 ~~~~~~[0m

[96msrc/lib/drama-analyst/services/webVitalsService.ts[0m:[93m4[0m:[93m26[0m - [91merror[0m[90m TS2305: [0mModule '"web-vitals"' has no exported member 'getFCP'.

[7m4[0m import { getCLS, getFID, getFCP, getLCP, getTTFB, Metric } from 'web-vitals';
[7m [0m [91m                         ~~~~~~[0m

[96msrc/lib/drama-analyst/services/webVitalsService.ts[0m:[93m4[0m:[93m34[0m - [91merror[0m[90m TS2305: [0mModule '"web-vitals"' has no exported member 'getLCP'.

[7m4[0m import { getCLS, getFID, getFCP, getLCP, getTTFB, Metric } from 'web-vitals';
[7m [0m [91m                                 ~~~~~~[0m

[96msrc/lib/drama-analyst/services/webVitalsService.ts[0m:[93m4[0m:[93m42[0m - [91merror[0m[90m TS2305: [0mModule '"web-vitals"' has no exported member 'getTTFB'.

[7m4[0m import { getCLS, getFID, getFCP, getLCP, getTTFB, Metric } from 'web-vitals';
[7m [0m [91m                                         ~~~~~~~[0m

[96msrc/lib/drama-analyst/services/webVitalsService.ts[0m:[93m7[0m:[93m10[0m - [91merror[0m[90m TS2305: [0mModule '"./analyticsService"' has no exported member 'sendGAEvent'.

[7m7[0m import { sendGAEvent } from './analyticsService';
[7m [0m [91m         ~~~~~~~~~~~[0m

[96msrc/lib/drama-analyst/services/webVitalsService.ts[0m:[93m66[0m:[93m13[0m - [91merror[0m[90m TS7006: [0mParameter 'metric' implicitly has an 'any' type.

[7m66[0m     getCLS((metric) => {
[7m  [0m [91m            ~~~~~~[0m

[96msrc/lib/drama-analyst/services/webVitalsService.ts[0m:[93m71[0m:[93m13[0m - [91merror[0m[90m TS7006: [0mParameter 'metric' implicitly has an 'any' type.

[7m71[0m     getFID((metric) => {
[7m  [0m [91m            ~~~~~~[0m

[96msrc/lib/drama-analyst/services/webVitalsService.ts[0m:[93m76[0m:[93m13[0m - [91merror[0m[90m TS7006: [0mParameter 'metric' implicitly has an 'any' type.

[7m76[0m     getFCP((metric) => {
[7m  [0m [91m            ~~~~~~[0m

[96msrc/lib/drama-analyst/services/webVitalsService.ts[0m:[93m81[0m:[93m13[0m - [91merror[0m[90m TS7006: [0mParameter 'metric' implicitly has an 'any' type.

[7m81[0m     getLCP((metric) => {
[7m  [0m [91m            ~~~~~~[0m

[96msrc/lib/drama-analyst/services/webVitalsService.ts[0m:[93m86[0m:[93m14[0m - [91merror[0m[90m TS7006: [0mParameter 'metric' implicitly has an 'any' type.

[7m86[0m     getTTFB((metric) => {
[7m  [0m [91m             ~~~~~~[0m

[96msrc/lib/drama-analyst/services/webVitalsService.ts[0m:[93m110[0m:[93m13[0m - [91merror[0m[90m TS2322: [0mType '"NavigationTiming"' is not assignable to type '"CLS" | "FCP" | "FID" | "INP" | "LCP" | "TTFB"'.

[7m110[0m             name: 'NavigationTiming',
[7m   [0m [91m            ~~~~[0m

  [96mnode_modules/.pnpm/web-vitals@4.2.4/node_modules/web-vitals/dist/modules/types/base.d.ts[0m:[93m11[0m:[93m5[0m
    [7m11[0m     name: 'CLS' | 'FCP' | 'FID' | 'INP' | 'LCP' | 'TTFB';
    [7m  [0m [96m    ~~~~[0m
    The expected type comes from property 'name' which is declared here on type 'CustomMetric'

[96msrc/lib/drama-analyst/services/webVitalsService.ts[0m:[93m122[0m:[93m62[0m - [91merror[0m[90m TS2339: [0mProperty 'domLoading' does not exist on type 'PerformanceNavigationTiming'.

[7m122[0m               domProcessing: navEntry.domComplete - navEntry.domLoading
[7m   [0m [91m                                                             ~~~~~~~~~~[0m

[96msrc/lib/drama-analyst/services/webVitalsService.ts[0m:[93m131[0m:[93m24[0m - [91merror[0m[90m TS2561: [0mObject literal may only specify known properties, but 'entryType' does not exist in type 'PerformanceObserverInit'. Did you mean to write 'entryTypes'?

[7m131[0m     observer.observe({ entryType: 'navigation' });
[7m   [0m [91m                       ~~~~~~~~~[0m

[96msrc/lib/drama-analyst/services/webVitalsService.ts[0m:[93m144[0m:[93m15[0m - [91merror[0m[90m TS2322: [0mType '"SlowResource"' is not assignable to type '"CLS" | "FCP" | "FID" | "INP" | "LCP" | "TTFB"'.

[7m144[0m               name: 'SlowResource',
[7m   [0m [91m              ~~~~[0m

  [96mnode_modules/.pnpm/web-vitals@4.2.4/node_modules/web-vitals/dist/modules/types/base.d.ts[0m:[93m11[0m:[93m5[0m
    [7m11[0m     name: 'CLS' | 'FCP' | 'FID' | 'INP' | 'LCP' | 'TTFB';
    [7m  [0m [96m    ~~~~[0m
    The expected type comes from property 'name' which is declared here on type 'CustomMetric'

[96msrc/lib/drama-analyst/services/webVitalsService.ts[0m:[93m148[0m:[93m15[0m - [91merror[0m[90m TS2322: [0mType 'undefined' is not assignable to type '"reload" | "navigate" | "restore" | "prerender" | "back-forward" | "back-forward-cache"'.

[7m148[0m               navigationType: undefined,
[7m   [0m [91m              ~~~~~~~~~~~~~~[0m

  [96mnode_modules/.pnpm/web-vitals@4.2.4/node_modules/web-vitals/dist/modules/types/base.d.ts[0m:[93m54[0m:[93m5[0m
    [7m54[0m     navigationType: 'navigate' | 'reload' | 'back-forward' | 'back-forward-cache' | 'prerender' | 'restore';
    [7m  [0m [96m    ~~~~~~~~~~~~~~[0m
    The expected type comes from property 'navigationType' which is declared here on type 'CustomMetric'

[96msrc/lib/drama-analyst/services/webVitalsService.ts[0m:[93m163[0m:[93m24[0m - [91merror[0m[90m TS2561: [0mObject literal may only specify known properties, but 'entryType' does not exist in type 'PerformanceObserverInit'. Did you mean to write 'entryTypes'?

[7m163[0m     observer.observe({ entryType: 'resource' });
[7m   [0m [91m                       ~~~~~~~~~[0m

[96msrc/lib/drama-analyst/services/webVitalsService.ts[0m:[93m176[0m:[93m13[0m - [91merror[0m[90m TS2322: [0mType '"LongTask"' is not assignable to type '"CLS" | "FCP" | "FID" | "INP" | "LCP" | "TTFB"'.

[7m176[0m             name: 'LongTask',
[7m   [0m [91m            ~~~~[0m

  [96mnode_modules/.pnpm/web-vitals@4.2.4/node_modules/web-vitals/dist/modules/types/base.d.ts[0m:[93m11[0m:[93m5[0m
    [7m11[0m     name: 'CLS' | 'FCP' | 'FID' | 'INP' | 'LCP' | 'TTFB';
    [7m  [0m [96m    ~~~~[0m
    The expected type comes from property 'name' which is declared here on type 'CustomMetric'

[96msrc/lib/drama-analyst/services/webVitalsService.ts[0m:[93m180[0m:[93m13[0m - [91merror[0m[90m TS2322: [0mType 'undefined' is not assignable to type '"reload" | "navigate" | "restore" | "prerender" | "back-forward" | "back-forward-cache"'.

[7m180[0m             navigationType: undefined,
[7m   [0m [91m            ~~~~~~~~~~~~~~[0m

  [96mnode_modules/.pnpm/web-vitals@4.2.4/node_modules/web-vitals/dist/modules/types/base.d.ts[0m:[93m54[0m:[93m5[0m
    [7m54[0m     navigationType: 'navigate' | 'reload' | 'back-forward' | 'back-forward-cache' | 'prerender' | 'restore';
    [7m  [0m [96m    ~~~~~~~~~~~~~~[0m
    The expected type comes from property 'navigationType' which is declared here on type 'CustomMetric'

[96msrc/lib/drama-analyst/services/webVitalsService.ts[0m:[93m193[0m:[93m26[0m - [91merror[0m[90m TS2561: [0mObject literal may only specify known properties, but 'entryType' does not exist in type 'PerformanceObserverInit'. Did you mean to write 'entryTypes'?

[7m193[0m       observer.observe({ entryType: 'longtask' });
[7m   [0m [91m                         ~~~~~~~~~[0m

[96msrc/lib/drama-analyst/services/webVitalsService.ts[0m:[93m220[0m:[93m11[0m - [91merror[0m[90m TS2322: [0mType '"FileProcessingTime"' is not assignable to type '"CLS" | "FCP" | "FID" | "INP" | "LCP" | "TTFB"'.

[7m220[0m           name: 'FileProcessingTime',
[7m   [0m [91m          ~~~~[0m

  [96mnode_modules/.pnpm/web-vitals@4.2.4/node_modules/web-vitals/dist/modules/types/base.d.ts[0m:[93m11[0m:[93m5[0m
    [7m11[0m     name: 'CLS' | 'FCP' | 'FID' | 'INP' | 'LCP' | 'TTFB';
    [7m  [0m [96m    ~~~~[0m
    The expected type comes from property 'name' which is declared here on type 'CustomMetric'

[96msrc/lib/drama-analyst/services/webVitalsService.ts[0m:[93m224[0m:[93m11[0m - [91merror[0m[90m TS2322: [0mType 'undefined' is not assignable to type '"reload" | "navigate" | "restore" | "prerender" | "back-forward" | "back-forward-cache"'.

[7m224[0m           navigationType: undefined,
[7m   [0m [91m          ~~~~~~~~~~~~~~[0m

  [96mnode_modules/.pnpm/web-vitals@4.2.4/node_modules/web-vitals/dist/modules/types/base.d.ts[0m:[93m54[0m:[93m5[0m
    [7m54[0m     navigationType: 'navigate' | 'reload' | 'back-forward' | 'back-forward-cache' | 'prerender' | 'restore';
    [7m  [0m [96m    ~~~~~~~~~~~~~~[0m
    The expected type comes from property 'navigationType' which is declared here on type 'CustomMetric'

[96msrc/lib/drama-analyst/services/webVitalsService.ts[0m:[93m251[0m:[93m11[0m - [91merror[0m[90m TS2322: [0mType '"APICallTime"' is not assignable to type '"CLS" | "FCP" | "FID" | "INP" | "LCP" | "TTFB"'.

[7m251[0m           name: 'APICallTime',
[7m   [0m [91m          ~~~~[0m

  [96mnode_modules/.pnpm/web-vitals@4.2.4/node_modules/web-vitals/dist/modules/types/base.d.ts[0m:[93m11[0m:[93m5[0m
    [7m11[0m     name: 'CLS' | 'FCP' | 'FID' | 'INP' | 'LCP' | 'TTFB';
    [7m  [0m [96m    ~~~~[0m
    The expected type comes from property 'name' which is declared here on type 'CustomMetric'

[96msrc/lib/drama-analyst/services/webVitalsService.ts[0m:[93m255[0m:[93m11[0m - [91merror[0m[90m TS2322: [0mType 'undefined' is not assignable to type '"reload" | "navigate" | "restore" | "prerender" | "back-forward" | "back-forward-cache"'.

[7m255[0m           navigationType: undefined,
[7m   [0m [91m          ~~~~~~~~~~~~~~[0m

  [96mnode_modules/.pnpm/web-vitals@4.2.4/node_modules/web-vitals/dist/modules/types/base.d.ts[0m:[93m54[0m:[93m5[0m
    [7m54[0m     navigationType: 'navigate' | 'reload' | 'back-forward' | 'back-forward-cache' | 'prerender' | 'restore';
    [7m  [0m [96m    ~~~~~~~~~~~~~~[0m
    The expected type comes from property 'navigationType' which is declared here on type 'CustomMetric'

[96msrc/lib/drama-analyst/services/webVitalsService.ts[0m:[93m270[0m:[93m11[0m - [91merror[0m[90m TS2322: [0mType '"APICallError"' is not assignable to type '"CLS" | "FCP" | "FID" | "INP" | "LCP" | "TTFB"'.

[7m270[0m           name: 'APICallError',
[7m   [0m [91m          ~~~~[0m

  [96mnode_modules/.pnpm/web-vitals@4.2.4/node_modules/web-vitals/dist/modules/types/base.d.ts[0m:[93m11[0m:[93m5[0m
    [7m11[0m     name: 'CLS' | 'FCP' | 'FID' | 'INP' | 'LCP' | 'TTFB';
    [7m  [0m [96m    ~~~~[0m
    The expected type comes from property 'name' which is declared here on type 'CustomMetric'

[96msrc/lib/drama-analyst/services/webVitalsService.ts[0m:[93m274[0m:[93m11[0m - [91merror[0m[90m TS2322: [0mType 'undefined' is not assignable to type '"reload" | "navigate" | "restore" | "prerender" | "back-forward" | "back-forward-cache"'.

[7m274[0m           navigationType: undefined,
[7m   [0m [91m          ~~~~~~~~~~~~~~[0m

  [96mnode_modules/.pnpm/web-vitals@4.2.4/node_modules/web-vitals/dist/modules/types/base.d.ts[0m:[93m54[0m:[93m5[0m
    [7m54[0m     navigationType: 'navigate' | 'reload' | 'back-forward' | 'back-forward-cache' | 'prerender' | 'restore';
    [7m  [0m [96m    ~~~~~~~~~~~~~~[0m
    The expected type comes from property 'navigationType' which is declared here on type 'CustomMetric'

[96msrc/lib/drama-analyst/services/webVitalsService.ts[0m:[93m294[0m:[93m7[0m - [91merror[0m[90m TS2322: [0mType '(...args: any[]) => DetailedReactHTMLElement<InputHTMLAttributes<HTMLInputElement>, HTMLInputElement>' is not assignable to type '{ (type: "input", props?: (InputHTMLAttributes<HTMLInputElement> & ClassAttributes<HTMLInputElement>) | null | undefined, ...children: ReactNode[]): DetailedReactHTMLElement<...>; <P extends HTMLAttributes<T>, T extends HTMLElement>(type: keyof ReactHTML, props?: (ClassAttributes<...> & P) | ... 1 more ... | undefin...'.
  Call signature return types 'DetailedReactHTMLElement<InputHTMLAttributes<HTMLInputElement>, HTMLInputElement>' and 'ReactSVGElement' are incompatible.
    The types of 'type' are incompatible between these types.
      Type 'keyof ReactHTML' is not assignable to type 'keyof ReactSVG'.
        Type '"object"' is not assignable to type 'keyof ReactSVG'.

[7m294[0m       window.React.createElement = (...args) => {
[7m   [0m [91m      ~~~~~~~~~~~~~~~~~~~~~~~~~~[0m

[96msrc/lib/drama-analyst/services/webVitalsService.ts[0m:[93m294[0m:[93m37[0m - [91merror[0m[90m TS7019: [0mRest parameter 'args' implicitly has an 'any[]' type.

[7m294[0m       window.React.createElement = (...args) => {
[7m   [0m [91m                                    ~~~~~~~[0m

[96msrc/lib/drama-analyst/services/webVitalsService.ts[0m:[93m300[0m:[93m47[0m - [91merror[0m[90m TS2556: [0mA spread argument must either have a tuple type or be passed to a rest parameter.

[7m300[0m         const element = originalCreateElement(...args);
[7m   [0m [91m                                              ~~~~~~~[0m

[96msrc/lib/drama-analyst/services/webVitalsService.ts[0m:[93m502[0m:[93m7[0m - [91merror[0m[90m TS2322: [0mType 'string' is not assignable to type '"CLS" | "FCP" | "FID" | "INP" | "LCP" | "TTFB"'.

[7m502[0m       name,
[7m   [0m [91m      ~~~~[0m

  [96mnode_modules/.pnpm/web-vitals@4.2.4/node_modules/web-vitals/dist/modules/types/base.d.ts[0m:[93m11[0m:[93m5[0m
    [7m11[0m     name: 'CLS' | 'FCP' | 'FID' | 'INP' | 'LCP' | 'TTFB';
    [7m  [0m [96m    ~~~~[0m
    The expected type comes from property 'name' which is declared here on type 'CustomMetric'

[96msrc/lib/drama-analyst/services/webVitalsService.ts[0m:[93m506[0m:[93m7[0m - [91merror[0m[90m TS2322: [0mType 'undefined' is not assignable to type '"reload" | "navigate" | "restore" | "prerender" | "back-forward" | "back-forward-cache"'.

[7m506[0m       navigationType: undefined,
[7m   [0m [91m      ~~~~~~~~~~~~~~[0m

  [96mnode_modules/.pnpm/web-vitals@4.2.4/node_modules/web-vitals/dist/modules/types/base.d.ts[0m:[93m54[0m:[93m5[0m
    [7m54[0m     navigationType: 'navigate' | 'reload' | 'back-forward' | 'back-forward-cache' | 'prerender' | 'restore';
    [7m  [0m [96m    ~~~~~~~~~~~~~~[0m
    The expected type comes from property 'navigationType' which is declared here on type 'CustomMetric'


Found 91 errors in 19 files.

Errors  Files
     1  node_modules/.pnpm/@genkit-ai+ai@1.21.0_@googl_e1c45d0d6e6b3c77992a2320c3735445/node_modules/@genkit-ai/ai/lib/generate-3xWOiUzB.d.ts[90m:141[0m
     1  node_modules/.pnpm/@opentelemetry+instrumentat_13388d903aa62870f95b5e615361e981/node_modules/@opentelemetry/instrumentation/build/src/instrumentationNodeModuleDefinition.d.ts[90m:2[0m
     1  node_modules/.pnpm/@opentelemetry+sdk-logs@0.52.1_@opentelemetry+api@1.9.0/node_modules/@opentelemetry/sdk-logs/build/src/export/NoopLogRecordProcessor.d.ts[90m:6[0m
     1  node_modules/.pnpm/@opentelemetry+sdk-logs@0.52.1_@opentelemetry+api@1.9.0/node_modules/@opentelemetry/sdk-logs/build/src/LogRecord.d.ts[90m:9[0m
     1  node_modules/.pnpm/@testing-library+jest-dom@6.9.1/node_modules/@testing-library/jest-dom/types/jest.d.ts[90m:1[0m
     1  node_modules/.pnpm/dotprompt@1.1.2/node_modules/dotprompt/dist/index.d.ts[90m:1[0m
     1  node_modules/.pnpm/genkit@1.21.0_@google-cloud_3ec0a09eaded608a29db32b95affe493/node_modules/genkit/lib/index-Cd4YWqZH.d.ts[90m:232[0m
     1  node_modules/.pnpm/recharts@2.15.4_react-dom@18.3.1_react@18.3.1__react@18.3.1/node_modules/recharts/types/chart/generateCategoricalChart.d.ts[90m:2[0m
    24  src/lib/drama-analyst/orchestration/orchestration.ts[90m:44[0m
     3  src/lib/drama-analyst/orchestration/promptBuilder.ts[90m:5[0m
     1  src/lib/drama-analyst/services/analyticsService.ts[90m:427[0m
     1  src/lib/drama-analyst/services/apiService.ts[90m:70[0m
     4  src/lib/drama-analyst/services/errorHandler.ts[90m:63[0m
     5  src/lib/drama-analyst/services/fileReaderService.ts[90m:13[0m
     2  src/lib/drama-analyst/services/geminiService.ts[90m:121[0m
     1  src/lib/drama-analyst/services/loggerService.ts[90m:134[0m
     9  src/lib/drama-analyst/services/observability.ts[90m:6[0m
     2  src/lib/drama-analyst/services/uptimeMonitoringService.ts[90m:5[0m
    31  src/lib/drama-analyst/services/webVitalsService.ts[90m:4[0m
