{"total": {"lines":{"total":10061,"covered":2437,"skipped":0,"pct":24.22},"statements":{"total":10061,"covered":2437,"skipped":0,"pct":24.22},"functions":{"total":95,"covered":48,"skipped":0,"pct":50.52},"branches":{"total":303,"covered":187,"skipped":0,"pct":61.71},"branchesTrue":{"total":0,"covered":0,"skipped":0,"pct":100}}
,"/workspace/the-copy/src/App.tsx": {"lines":{"total":24,"covered":0,"skipped":0,"pct":0},"functions":{"total":1,"covered":0,"skipped":0,"pct":0},"statements":{"total":24,"covered":0,"skipped":0,"pct":0},"branches":{"total":1,"covered":0,"skipped":0,"pct":0}}
,"/workspace/the-copy/src/main.tsx": {"lines":{"total":9,"covered":0,"skipped":0,"pct":0},"functions":{"total":1,"covered":0,"skipped":0,"pct":0},"statements":{"total":9,"covered":0,"skipped":0,"pct":0},"branches":{"total":1,"covered":0,"skipped":0,"pct":0}}
,"/workspace/the-copy/src/agents/advanced_module_output_structure.ts": {"lines":{"total":2,"covered":0,"skipped":0,"pct":0},"functions":{"total":1,"covered":0,"skipped":0,"pct":0},"statements":{"total":2,"covered":0,"skipped":0,"pct":0},"branches":{"total":1,"covered":0,"skipped":0,"pct":0}}
,"/workspace/the-copy/src/agents/analysis/analysisAgent.ts": {"lines":{"total":59,"covered":45,"skipped":0,"pct":76.27},"functions":{"total":2,"covered":0,"skipped":0,"pct":0},"statements":{"total":59,"covered":45,"skipped":0,"pct":76.27},"branches":{"total":0,"covered":0,"skipped":0,"pct":100}}
,"/workspace/the-copy/src/agents/analysis/characterDeepAnalyzerAgent.ts": {"lines":{"total":19,"covered":5,"skipped":0,"pct":26.31},"functions":{"total":2,"covered":0,"skipped":0,"pct":0},"statements":{"total":19,"covered":5,"skipped":0,"pct":26.31},"branches":{"total":0,"covered":0,"skipped":0,"pct":100}}
,"/workspace/the-copy/src/agents/analysis/characterDeepAnalyzerConfig.ts": {"lines":{"total":40,"covered":40,"skipped":0,"pct":100},"functions":{"total":0,"covered":0,"skipped":0,"pct":100},"statements":{"total":40,"covered":40,"skipped":0,"pct":100},"branches":{"total":0,"covered":0,"skipped":0,"pct":100}}
,"/workspace/the-copy/src/agents/analysis/characterNetworkAgent.ts": {"lines":{"total":40,"covered":40,"skipped":0,"pct":100},"functions":{"total":0,"covered":0,"skipped":0,"pct":100},"statements":{"total":40,"covered":40,"skipped":0,"pct":100},"branches":{"total":0,"covered":0,"skipped":0,"pct":100}}
,"/workspace/the-copy/src/agents/analysis/characterVoiceAgent.ts": {"lines":{"total":40,"covered":40,"skipped":0,"pct":100},"functions":{"total":0,"covered":0,"skipped":0,"pct":100},"statements":{"total":40,"covered":40,"skipped":0,"pct":100},"branches":{"total":0,"covered":0,"skipped":0,"pct":100}}
,"/workspace/the-copy/src/agents/analysis/config.ts": {"lines":{"total":40,"covered":40,"skipped":0,"pct":100},"functions":{"total":0,"covered":0,"skipped":0,"pct":100},"statements":{"total":40,"covered":40,"skipped":0,"pct":100},"branches":{"total":0,"covered":0,"skipped":0,"pct":100}}
,"/workspace/the-copy/src/agents/analysis/conflictDynamicsAgent.ts": {"lines":{"total":40,"covered":40,"skipped":0,"pct":100},"functions":{"total":0,"covered":0,"skipped":0,"pct":100},"statements":{"total":40,"covered":40,"skipped":0,"pct":100},"branches":{"total":0,"covered":0,"skipped":0,"pct":100}}
,"/workspace/the-copy/src/agents/analysis/culturalHistoricalAnalyzerAgent.ts": {"lines":{"total":40,"covered":40,"skipped":0,"pct":100},"functions":{"total":0,"covered":0,"skipped":0,"pct":100},"statements":{"total":40,"covered":40,"skipped":0,"pct":100},"branches":{"total":0,"covered":0,"skipped":0,"pct":100}}
,"/workspace/the-copy/src/agents/analysis/dialogueAdvancedAnalyzerAgent.ts": {"lines":{"total":40,"covered":40,"skipped":0,"pct":100},"functions":{"total":0,"covered":0,"skipped":0,"pct":100},"statements":{"total":40,"covered":40,"skipped":0,"pct":100},"branches":{"total":0,"covered":0,"skipped":0,"pct":100}}
,"/workspace/the-copy/src/agents/analysis/dialogueForensicsAgent.ts": {"lines":{"total":40,"covered":40,"skipped":0,"pct":100},"functions":{"total":0,"covered":0,"skipped":0,"pct":100},"statements":{"total":40,"covered":40,"skipped":0,"pct":100},"branches":{"total":0,"covered":0,"skipped":0,"pct":100}}
,"/workspace/the-copy/src/agents/analysis/literaryQualityAnalyzerAgent.ts": {"lines":{"total":40,"covered":40,"skipped":0,"pct":100},"functions":{"total":0,"covered":0,"skipped":0,"pct":100},"statements":{"total":40,"covered":40,"skipped":0,"pct":100},"branches":{"total":0,"covered":0,"skipped":0,"pct":100}}
,"/workspace/the-copy/src/agents/analysis/plotPredictorAgent.ts": {"lines":{"total":40,"covered":40,"skipped":0,"pct":100},"functions":{"total":0,"covered":0,"skipped":0,"pct":100},"statements":{"total":40,"covered":40,"skipped":0,"pct":100},"branches":{"total":0,"covered":0,"skipped":0,"pct":100}}
,"/workspace/the-copy/src/agents/analysis/producibilityAnalyzerAgent.ts": {"lines":{"total":40,"covered":40,"skipped":0,"pct":100},"functions":{"total":0,"covered":0,"skipped":0,"pct":100},"statements":{"total":40,"covered":40,"skipped":0,"pct":100},"branches":{"total":0,"covered":0,"skipped":0,"pct":100}}
,"/workspace/the-copy/src/agents/analysis/rhythmMappingAgent.ts": {"lines":{"total":40,"covered":40,"skipped":0,"pct":100},"functions":{"total":0,"covered":0,"skipped":0,"pct":100},"statements":{"total":40,"covered":40,"skipped":0,"pct":100},"branches":{"total":0,"covered":0,"skipped":0,"pct":100}}
,"/workspace/the-copy/src/agents/analysis/targetAudienceAnalyzerAgent.ts": {"lines":{"total":40,"covered":40,"skipped":0,"pct":100},"functions":{"total":0,"covered":0,"skipped":0,"pct":100},"statements":{"total":40,"covered":40,"skipped":0,"pct":100},"branches":{"total":0,"covered":0,"skipped":0,"pct":100}}
,"/workspace/the-copy/src/agents/analysis/thematicMiningAgent.ts": {"lines":{"total":39,"covered":39,"skipped":0,"pct":100},"functions":{"total":0,"covered":0,"skipped":0,"pct":100},"statements":{"total":39,"covered":39,"skipped":0,"pct":100},"branches":{"total":0,"covered":0,"skipped":0,"pct":100}}
,"/workspace/the-copy/src/agents/analysis/themesMessagesAnalyzerAgent.ts": {"lines":{"total":39,"covered":39,"skipped":0,"pct":100},"functions":{"total":0,"covered":0,"skipped":0,"pct":100},"statements":{"total":39,"covered":39,"skipped":0,"pct":100},"branches":{"total":0,"covered":0,"skipped":0,"pct":100}}
,"/workspace/the-copy/src/agents/analysis/visualCinematicAnalyzerAgent.ts": {"lines":{"total":39,"covered":39,"skipped":0,"pct":100},"functions":{"total":0,"covered":0,"skipped":0,"pct":100},"statements":{"total":39,"covered":39,"skipped":0,"pct":100},"branches":{"total":0,"covered":0,"skipped":0,"pct":100}}
,"/workspace/the-copy/src/agents/core/fileReaderService.ts": {"lines":{"total":90,"covered":0,"skipped":0,"pct":0},"functions":{"total":1,"covered":0,"skipped":0,"pct":0},"statements":{"total":90,"covered":0,"skipped":0,"pct":0},"branches":{"total":1,"covered":0,"skipped":0,"pct":0}}
,"/workspace/the-copy/src/agents/core/geminiService.ts": {"lines":{"total":263,"covered":179,"skipped":0,"pct":68.06},"functions":{"total":5,"covered":5,"skipped":0,"pct":100},"statements":{"total":263,"covered":179,"skipped":0,"pct":68.06},"branches":{"total":74,"covered":41,"skipped":0,"pct":55.4}}
,"/workspace/the-copy/src/agents/core/index.ts": {"lines":{"total":102,"covered":92,"skipped":0,"pct":90.19},"functions":{"total":4,"covered":4,"skipped":0,"pct":100},"statements":{"total":102,"covered":92,"skipped":0,"pct":90.19},"branches":{"total":9,"covered":8,"skipped":0,"pct":88.88}}
,"/workspace/the-copy/src/agents/core/integratedAgent.ts": {"lines":{"total":14,"covered":2,"skipped":0,"pct":14.28},"functions":{"total":1,"covered":0,"skipped":0,"pct":0},"statements":{"total":14,"covered":2,"skipped":0,"pct":14.28},"branches":{"total":1,"covered":0,"skipped":0,"pct":0}}
,"/workspace/the-copy/src/agents/core/integratedAgentConfig.ts": {"lines":{"total":40,"covered":40,"skipped":0,"pct":100},"functions":{"total":0,"covered":0,"skipped":0,"pct":100},"statements":{"total":40,"covered":40,"skipped":0,"pct":100},"branches":{"total":0,"covered":0,"skipped":0,"pct":100}}
,"/workspace/the-copy/src/agents/evaluation/audienceResonanceAgent.ts": {"lines":{"total":40,"covered":40,"skipped":0,"pct":100},"functions":{"total":0,"covered":0,"skipped":0,"pct":100},"statements":{"total":40,"covered":40,"skipped":0,"pct":100},"branches":{"total":0,"covered":0,"skipped":0,"pct":100}}
,"/workspace/the-copy/src/agents/evaluation/tensionOptimizerAgent.ts": {"lines":{"total":39,"covered":39,"skipped":0,"pct":100},"functions":{"total":0,"covered":0,"skipped":0,"pct":100},"statements":{"total":39,"covered":39,"skipped":0,"pct":100},"branches":{"total":0,"covered":0,"skipped":0,"pct":100}}
,"/workspace/the-copy/src/agents/generation/completionAgent.ts": {"lines":{"total":39,"covered":39,"skipped":0,"pct":100},"functions":{"total":0,"covered":0,"skipped":0,"pct":100},"statements":{"total":39,"covered":39,"skipped":0,"pct":100},"branches":{"total":0,"covered":0,"skipped":0,"pct":100}}
,"/workspace/the-copy/src/agents/generation/creativeAgent.ts": {"lines":{"total":41,"covered":41,"skipped":0,"pct":100},"functions":{"total":0,"covered":0,"skipped":0,"pct":100},"statements":{"total":41,"covered":41,"skipped":0,"pct":100},"branches":{"total":0,"covered":0,"skipped":0,"pct":100}}
,"/workspace/the-copy/src/agents/generation/recommendationsGeneratorAgent.ts": {"lines":{"total":39,"covered":39,"skipped":0,"pct":100},"functions":{"total":0,"covered":0,"skipped":0,"pct":100},"statements":{"total":39,"covered":39,"skipped":0,"pct":100},"branches":{"total":0,"covered":0,"skipped":0,"pct":100}}
,"/workspace/the-copy/src/agents/generation/sceneGeneratorAgent.ts": {"lines":{"total":39,"covered":39,"skipped":0,"pct":100},"functions":{"total":0,"covered":0,"skipped":0,"pct":100},"statements":{"total":39,"covered":39,"skipped":0,"pct":100},"branches":{"total":0,"covered":0,"skipped":0,"pct":100}}
,"/workspace/the-copy/src/agents/generation/worldBuilderAgent.ts": {"lines":{"total":39,"covered":39,"skipped":0,"pct":100},"functions":{"total":0,"covered":0,"skipped":0,"pct":100},"statements":{"total":39,"covered":39,"skipped":0,"pct":100},"branches":{"total":0,"covered":0,"skipped":0,"pct":100}}
,"/workspace/the-copy/src/agents/transformation/adaptiveRewritingAgent.ts": {"lines":{"total":40,"covered":40,"skipped":0,"pct":100},"functions":{"total":0,"covered":0,"skipped":0,"pct":100},"statements":{"total":40,"covered":40,"skipped":0,"pct":100},"branches":{"total":0,"covered":0,"skipped":0,"pct":100}}
,"/workspace/the-copy/src/agents/transformation/platformAdapterAgent.ts": {"lines":{"total":42,"covered":42,"skipped":0,"pct":100},"functions":{"total":0,"covered":0,"skipped":0,"pct":100},"statements":{"total":42,"covered":42,"skipped":0,"pct":100},"branches":{"total":0,"covered":0,"skipped":0,"pct":100}}
,"/workspace/the-copy/src/agents/transformation/styleFingerprintAgent.ts": {"lines":{"total":42,"covered":42,"skipped":0,"pct":100},"functions":{"total":0,"covered":0,"skipped":0,"pct":100},"statements":{"total":42,"covered":42,"skipped":0,"pct":100},"branches":{"total":0,"covered":0,"skipped":0,"pct":100}}
,"/workspace/the-copy/src/components/ExportPage.tsx": {"lines":{"total":25,"covered":0,"skipped":0,"pct":0},"functions":{"total":1,"covered":0,"skipped":0,"pct":0},"statements":{"total":25,"covered":0,"skipped":0,"pct":0},"branches":{"total":1,"covered":0,"skipped":0,"pct":0}}
,"/workspace/the-copy/src/components/HomePage.tsx": {"lines":{"total":50,"covered":0,"skipped":0,"pct":0},"functions":{"total":1,"covered":0,"skipped":0,"pct":0},"statements":{"total":50,"covered":0,"skipped":0,"pct":0},"branches":{"total":1,"covered":0,"skipped":0,"pct":0}}
,"/workspace/the-copy/src/components/ProjectsPage.tsx": {"lines":{"total":26,"covered":0,"skipped":0,"pct":0},"functions":{"total":1,"covered":0,"skipped":0,"pct":0},"statements":{"total":26,"covered":0,"skipped":0,"pct":0},"branches":{"total":1,"covered":0,"skipped":0,"pct":0}}
,"/workspace/the-copy/src/components/SettingsPage.tsx": {"lines":{"total":28,"covered":0,"skipped":0,"pct":0},"functions":{"total":1,"covered":0,"skipped":0,"pct":0},"statements":{"total":28,"covered":0,"skipped":0,"pct":0},"branches":{"total":1,"covered":0,"skipped":0,"pct":0}}
,"/workspace/the-copy/src/components/TemplatesPage.tsx": {"lines":{"total":26,"covered":0,"skipped":0,"pct":0},"functions":{"total":1,"covered":0,"skipped":0,"pct":0},"statements":{"total":26,"covered":0,"skipped":0,"pct":0},"branches":{"total":1,"covered":0,"skipped":0,"pct":0}}
,"/workspace/the-copy/src/components/common/ExternalAppFrame.tsx": {"lines":{"total":140,"covered":0,"skipped":0,"pct":0},"functions":{"total":1,"covered":0,"skipped":0,"pct":0},"statements":{"total":140,"covered":0,"skipped":0,"pct":0},"branches":{"total":1,"covered":0,"skipped":0,"pct":0}}
,"/workspace/the-copy/src/components/editor/AdvancedAgentsPopup.tsx": {"lines":{"total":303,"covered":183,"skipped":0,"pct":60.39},"functions":{"total":10,"covered":3,"skipped":0,"pct":30},"statements":{"total":303,"covered":183,"skipped":0,"pct":60.39},"branches":{"total":45,"covered":15,"skipped":0,"pct":33.33}}
,"/workspace/the-copy/src/components/editor/CleanIntegratedScreenplayEditor.tsx": {"lines":{"total":1327,"covered":256,"skipped":0,"pct":19.29},"functions":{"total":29,"covered":18,"skipped":0,"pct":62.06},"statements":{"total":1327,"covered":256,"skipped":0,"pct":19.29},"branches":{"total":78,"covered":54,"skipped":0,"pct":69.23}}
,"/workspace/the-copy/src/components/editor/EnhancedScreenplayEditor.tsx": {"lines":{"total":431,"covered":0,"skipped":0,"pct":0},"functions":{"total":1,"covered":0,"skipped":0,"pct":0},"statements":{"total":431,"covered":0,"skipped":0,"pct":0},"branches":{"total":1,"covered":0,"skipped":0,"pct":0}}
,"/workspace/the-copy/src/components/editor/ScreenplayEditor-backup.tsx": {"lines":{"total":1570,"covered":0,"skipped":0,"pct":0},"functions":{"total":1,"covered":0,"skipped":0,"pct":0},"statements":{"total":1570,"covered":0,"skipped":0,"pct":0},"branches":{"total":1,"covered":0,"skipped":0,"pct":0}}
,"/workspace/the-copy/src/components/editor/ScreenplayEditor-fixed.tsx": {"lines":{"total":457,"covered":0,"skipped":0,"pct":0},"functions":{"total":1,"covered":0,"skipped":0,"pct":0},"statements":{"total":457,"covered":0,"skipped":0,"pct":0},"branches":{"total":1,"covered":0,"skipped":0,"pct":0}}
,"/workspace/the-copy/src/components/editor/ScreenplayEditor-original.tsx": {"lines":{"total":1583,"covered":0,"skipped":0,"pct":0},"functions":{"total":1,"covered":0,"skipped":0,"pct":0},"statements":{"total":1583,"covered":0,"skipped":0,"pct":0},"branches":{"total":1,"covered":0,"skipped":0,"pct":0}}
,"/workspace/the-copy/src/components/editor/ScreenplayEditor.tsx": {"lines":{"total":1200,"covered":0,"skipped":0,"pct":0},"functions":{"total":1,"covered":0,"skipped":0,"pct":0},"statements":{"total":1200,"covered":0,"skipped":0,"pct":0},"branches":{"total":1,"covered":0,"skipped":0,"pct":0}}
,"/workspace/the-copy/src/components/editor/textReplacement.ts": {"lines":{"total":1,"covered":0,"skipped":0,"pct":0},"functions":{"total":1,"covered":0,"skipped":0,"pct":0},"statements":{"total":1,"covered":0,"skipped":0,"pct":0},"branches":{"total":1,"covered":0,"skipped":0,"pct":0}}
,"/workspace/the-copy/src/components/editor/__tests__/AdvancedAgentsPopup.test.tsx": {"lines":{"total":52,"covered":52,"skipped":0,"pct":100},"functions":{"total":0,"covered":0,"skipped":0,"pct":100},"statements":{"total":52,"covered":52,"skipped":0,"pct":100},"branches":{"total":7,"covered":7,"skipped":0,"pct":100}}
,"/workspace/the-copy/src/components/naqid/NaqidDashboard.tsx": {"lines":{"total":120,"covered":0,"skipped":0,"pct":0},"functions":{"total":1,"covered":0,"skipped":0,"pct":0},"statements":{"total":120,"covered":0,"skipped":0,"pct":0},"branches":{"total":1,"covered":0,"skipped":0,"pct":0}}
,"/workspace/the-copy/src/config/agentConfigs.ts": {"lines":{"total":30,"covered":30,"skipped":0,"pct":100},"functions":{"total":0,"covered":0,"skipped":0,"pct":100},"statements":{"total":30,"covered":30,"skipped":0,"pct":100},"branches":{"total":0,"covered":0,"skipped":0,"pct":100}}
,"/workspace/the-copy/src/config/agents.ts": {"lines":{"total":23,"covered":23,"skipped":0,"pct":100},"functions":{"total":0,"covered":0,"skipped":0,"pct":100},"statements":{"total":23,"covered":23,"skipped":0,"pct":100},"branches":{"total":0,"covered":0,"skipped":0,"pct":100}}
,"/workspace/the-copy/src/config/environment.ts": {"lines":{"total":10,"covered":8,"skipped":0,"pct":80},"functions":{"total":1,"covered":1,"skipped":0,"pct":100},"statements":{"total":10,"covered":8,"skipped":0,"pct":80},"branches":{"total":2,"covered":1,"skipped":0,"pct":50}}
,"/workspace/the-copy/src/config/index.ts": {"lines":{"total":5,"covered":5,"skipped":0,"pct":100},"functions":{"total":0,"covered":0,"skipped":0,"pct":100},"statements":{"total":5,"covered":5,"skipped":0,"pct":100},"branches":{"total":0,"covered":0,"skipped":0,"pct":100}}
,"/workspace/the-copy/src/config/prompts.ts": {"lines":{"total":61,"covered":61,"skipped":0,"pct":100},"functions":{"total":0,"covered":0,"skipped":0,"pct":100},"statements":{"total":61,"covered":61,"skipped":0,"pct":100},"branches":{"total":0,"covered":0,"skipped":0,"pct":100}}
,"/workspace/the-copy/src/lib/ai/geminiTypes.ts": {"lines":{"total":42,"covered":34,"skipped":0,"pct":80.95},"functions":{"total":8,"covered":5,"skipped":0,"pct":62.5},"statements":{"total":42,"covered":34,"skipped":0,"pct":80.95},"branches":{"total":12,"covered":9,"skipped":0,"pct":75}}
,"/workspace/the-copy/src/lib/ai/__tests__/geminiService.test.ts": {"lines":{"total":264,"covered":264,"skipped":0,"pct":100},"functions":{"total":1,"covered":1,"skipped":0,"pct":100},"statements":{"total":264,"covered":264,"skipped":0,"pct":100},"branches":{"total":28,"covered":28,"skipped":0,"pct":100}}
,"/workspace/the-copy/src/modules/text/domTextReplacement.ts": {"lines":{"total":52,"covered":1,"skipped":0,"pct":1.92},"functions":{"total":1,"covered":0,"skipped":0,"pct":0},"statements":{"total":52,"covered":1,"skipped":0,"pct":1.92},"branches":{"total":0,"covered":0,"skipped":0,"pct":100}}
,"/workspace/the-copy/src/services/AnalysisService.ts": {"lines":{"total":50,"covered":0,"skipped":0,"pct":0},"functions":{"total":1,"covered":1,"skipped":0,"pct":100},"statements":{"total":50,"covered":0,"skipped":0,"pct":0},"branches":{"total":1,"covered":1,"skipped":0,"pct":100}}
,"/workspace/the-copy/src/services/agent-instructions.ts": {"lines":{"total":44,"covered":0,"skipped":0,"pct":0},"functions":{"total":1,"covered":0,"skipped":0,"pct":0},"statements":{"total":44,"covered":0,"skipped":0,"pct":0},"branches":{"total":1,"covered":0,"skipped":0,"pct":0}}
,"/workspace/the-copy/src/services/counter.ts": {"lines":{"total":9,"covered":0,"skipped":0,"pct":0},"functions":{"total":1,"covered":1,"skipped":0,"pct":100},"statements":{"total":9,"covered":0,"skipped":0,"pct":0},"branches":{"total":1,"covered":1,"skipped":0,"pct":100}}
,"/workspace/the-copy/src/services/instructions-loader.ts": {"lines":{"total":71,"covered":64,"skipped":0,"pct":90.14},"functions":{"total":8,"covered":8,"skipped":0,"pct":100},"statements":{"total":71,"covered":64,"skipped":0,"pct":90.14},"branches":{"total":22,"covered":19,"skipped":0,"pct":86.36}}
,"/workspace/the-copy/src/services/test-classifier.ts": {"lines":{"total":184,"covered":0,"skipped":0,"pct":0},"functions":{"total":1,"covered":1,"skipped":0,"pct":100},"statements":{"total":184,"covered":0,"skipped":0,"pct":0},"branches":{"total":1,"covered":1,"skipped":0,"pct":100}}
,"/workspace/the-copy/src/services/test-instructions-system.ts": {"lines":{"total":108,"covered":0,"skipped":0,"pct":0},"functions":{"total":1,"covered":0,"skipped":0,"pct":0},"statements":{"total":108,"covered":0,"skipped":0,"pct":0},"branches":{"total":1,"covered":0,"skipped":0,"pct":0}}
,"/workspace/the-copy/src/types/types.ts": {"lines":{"total":56,"covered":56,"skipped":0,"pct":100},"functions":{"total":0,"covered":0,"skipped":0,"pct":100},"statements":{"total":56,"covered":56,"skipped":0,"pct":100},"branches":{"total":2,"covered":2,"skipped":0,"pct":100}}
,"/workspace/the-copy/src/utils/sanitizer.ts": {"lines":{"total":54,"covered":0,"skipped":0,"pct":0},"functions":{"total":1,"covered":0,"skipped":0,"pct":0},"statements":{"total":54,"covered":0,"skipped":0,"pct":0},"branches":{"total":1,"covered":0,"skipped":0,"pct":0}}
}
